{"C:\\Users\\Diana\\Documents\\WebComponent\\dinamita-reloaded-components\\src\\components\\SaveButton.jsx": {"path":"C:\\Users\\Diana\\Documents\\WebComponent\\dinamita-reloaded-components\\src\\components\\SaveButton.jsx","statementMap":{"0":{"start":{"line":5,"column":19},"end":{"line":18,"column":1}},"1":{"start":{"line":6,"column":15},"end":{"line":6,"column":90}},"2":{"start":{"line":7,"column":17},"end":{"line":7,"column":66}},"3":{"start":{"line":8,"column":23},"end":{"line":8,"column":59}},"4":{"start":{"line":10,"column":2},"end":{"line":17,"column":4}},"5":{"start":{"line":22,"column":0},"end":{"line":32,"column":2}},"6":{"start":{"line":34,"column":0},"end":{"line":44,"column":2}},"7":{"start":{"line":46,"column":0},"end":{"line":46,"column":11}}},"fnMap":{"0":{"name":"(anonymous_0)","decl":{"start":{"line":5,"column":19},"end":{"line":5,"column":20}},"loc":{"start":{"line":5,"column":127},"end":{"line":18,"column":1}},"line":5}},"branchMap":{"0":{"loc":{"start":{"line":6,"column":15},"end":{"line":6,"column":90}},"type":"cond-expr","locations":[{"start":{"line":6,"column":28},"end":{"line":6,"column":58}},{"start":{"line":6,"column":61},"end":{"line":6,"column":90}}],"line":6},"1":{"loc":{"start":{"line":7,"column":17},"end":{"line":7,"column":66}},"type":"binary-expr","locations":[{"start":{"line":7,"column":17},"end":{"line":7,"column":29}},{"start":{"line":7,"column":33},"end":{"line":7,"column":66}}],"line":7},"2":{"loc":{"start":{"line":8,"column":23},"end":{"line":8,"column":59}},"type":"binary-expr","locations":[{"start":{"line":8,"column":23},"end":{"line":8,"column":29}},{"start":{"line":8,"column":33},"end":{"line":8,"column":59}}],"line":8},"3":{"loc":{"start":{"line":12,"column":184},"end":{"line":12,"column":222}},"type":"binary-expr","locations":[{"start":{"line":12,"column":184},"end":{"line":12,"column":199}},{"start":{"line":12,"column":203},"end":{"line":12,"column":222}}],"line":12},"4":{"loc":{"start":{"line":13,"column":9},"end":{"line":13,"column":21}},"type":"binary-expr","locations":[{"start":{"line":13,"column":9},"end":{"line":13,"column":13}},{"start":{"line":13,"column":17},"end":{"line":13,"column":21}}],"line":13}},"s":{"0":1,"1":6,"2":6,"3":6,"4":6,"5":1,"6":1,"7":1},"f":{"0":6},"b":{"0":[0,6],"1":[6,0],"2":[6,2],"3":[6,0],"4":[6,4]},"_coverageSchema":"1a1c01bbd47fc00a2c39e90264f33305004495a9","hash":"1a43f541d65faa0702dc6426fe3d8f68918c798c"}
,"C:\\Users\\Diana\\Documents\\WebComponent\\dinamita-reloaded-components\\src\\components\\Form\\Form\\Form.stories.jsx": {"path":"C:\\Users\\Diana\\Documents\\WebComponent\\dinamita-reloaded-components\\src\\components\\Form\\Form\\Form.stories.jsx","statementMap":{"0":{"start":{"line":16,"column":17},"end":{"line":24,"column":1}},"1":{"start":{"line":17,"column":4},"end":{"line":23,"column":6}},"2":{"start":{"line":25,"column":27},"end":{"line":25,"column":44}},"3":{"start":{"line":26,"column":0},"end":{"line":28,"column":1}},"4":{"start":{"line":31,"column":24},"end":{"line":31,"column":41}},"5":{"start":{"line":32,"column":0},"end":{"line":36,"column":1}},"6":{"start":{"line":39,"column":24},"end":{"line":39,"column":41}},"7":{"start":{"line":40,"column":0},"end":{"line":44,"column":1}},"8":{"start":{"line":47,"column":25},"end":{"line":47,"column":42}},"9":{"start":{"line":48,"column":0},"end":{"line":51,"column":1}},"10":{"start":{"line":54,"column":26},"end":{"line":54,"column":43}},"11":{"start":{"line":55,"column":0},"end":{"line":58,"column":1}},"12":{"start":{"line":62,"column":25},"end":{"line":62,"column":42}},"13":{"start":{"line":63,"column":0},"end":{"line":66,"column":1}},"14":{"start":{"line":69,"column":24},"end":{"line":69,"column":41}},"15":{"start":{"line":70,"column":0},"end":{"line":74,"column":1}},"16":{"start":{"line":78,"column":35},"end":{"line":78,"column":52}},"17":{"start":{"line":79,"column":0},"end":{"line":83,"column":1}},"18":{"start":{"line":86,"column":36},"end":{"line":86,"column":53}},"19":{"start":{"line":87,"column":0},"end":{"line":91,"column":1}},"20":{"start":{"line":94,"column":35},"end":{"line":94,"column":52}},"21":{"start":{"line":95,"column":0},"end":{"line":99,"column":1}},"22":{"start":{"line":102,"column":36},"end":{"line":102,"column":53}},"23":{"start":{"line":103,"column":0},"end":{"line":107,"column":1}},"24":{"start":{"line":111,"column":37},"end":{"line":111,"column":54}},"25":{"start":{"line":112,"column":0},"end":{"line":116,"column":1}},"26":{"start":{"line":119,"column":36},"end":{"line":119,"column":53}},"27":{"start":{"line":120,"column":0},"end":{"line":124,"column":1}},"28":{"start":{"line":127,"column":30},"end":{"line":127,"column":47}},"29":{"start":{"line":128,"column":0},"end":{"line":132,"column":1}},"30":{"start":{"line":135,"column":32},"end":{"line":135,"column":49}},"31":{"start":{"line":136,"column":0},"end":{"line":140,"column":1}},"32":{"start":{"line":143,"column":31},"end":{"line":143,"column":48}},"33":{"start":{"line":144,"column":0},"end":{"line":148,"column":1}},"34":{"start":{"line":151,"column":31},"end":{"line":151,"column":48}},"35":{"start":{"line":152,"column":0},"end":{"line":156,"column":1}},"36":{"start":{"line":159,"column":24},"end":{"line":159,"column":41}},"37":{"start":{"line":160,"column":0},"end":{"line":164,"column":1}},"38":{"start":{"line":167,"column":35},"end":{"line":167,"column":52}},"39":{"start":{"line":168,"column":0},"end":{"line":172,"column":1}},"40":{"start":{"line":175,"column":32},"end":{"line":183,"column":1}},"41":{"start":{"line":176,"column":4},"end":{"line":182,"column":6}},"42":{"start":{"line":185,"column":0},"end":{"line":188,"column":1}},"43":{"start":{"line":191,"column":27},"end":{"line":199,"column":1}},"44":{"start":{"line":192,"column":4},"end":{"line":198,"column":6}},"45":{"start":{"line":201,"column":0},"end":{"line":206,"column":1}},"46":{"start":{"line":209,"column":36},"end":{"line":217,"column":1}},"47":{"start":{"line":210,"column":4},"end":{"line":216,"column":6}},"48":{"start":{"line":219,"column":0},"end":{"line":223,"column":1}},"49":{"start":{"line":226,"column":26},"end":{"line":232,"column":1}},"50":{"start":{"line":227,"column":4},"end":{"line":231,"column":6}},"51":{"start":{"line":234,"column":0},"end":{"line":238,"column":1}},"52":{"start":{"line":241,"column":33},"end":{"line":247,"column":1}},"53":{"start":{"line":242,"column":4},"end":{"line":246,"column":6}},"54":{"start":{"line":249,"column":0},"end":{"line":255,"column":1}}},"fnMap":{"0":{"name":"(anonymous_0)","decl":{"start":{"line":16,"column":17},"end":{"line":16,"column":18}},"loc":{"start":{"line":16,"column":27},"end":{"line":24,"column":1}},"line":16},"1":{"name":"(anonymous_1)","decl":{"start":{"line":175,"column":32},"end":{"line":175,"column":33}},"loc":{"start":{"line":175,"column":42},"end":{"line":183,"column":1}},"line":175},"2":{"name":"(anonymous_2)","decl":{"start":{"line":191,"column":27},"end":{"line":191,"column":28}},"loc":{"start":{"line":191,"column":37},"end":{"line":199,"column":1}},"line":191},"3":{"name":"(anonymous_3)","decl":{"start":{"line":209,"column":36},"end":{"line":209,"column":37}},"loc":{"start":{"line":209,"column":46},"end":{"line":217,"column":1}},"line":209},"4":{"name":"(anonymous_4)","decl":{"start":{"line":226,"column":26},"end":{"line":226,"column":27}},"loc":{"start":{"line":226,"column":36},"end":{"line":232,"column":1}},"line":226},"5":{"name":"(anonymous_5)","decl":{"start":{"line":241,"column":33},"end":{"line":241,"column":34}},"loc":{"start":{"line":241,"column":43},"end":{"line":247,"column":1}},"line":241}},"branchMap":{},"s":{"0":0,"1":0,"2":0,"3":0,"4":0,"5":0,"6":0,"7":0,"8":0,"9":0,"10":0,"11":0,"12":0,"13":0,"14":0,"15":0,"16":0,"17":0,"18":0,"19":0,"20":0,"21":0,"22":0,"23":0,"24":0,"25":0,"26":0,"27":0,"28":0,"29":0,"30":0,"31":0,"32":0,"33":0,"34":0,"35":0,"36":0,"37":0,"38":0,"39":0,"40":0,"41":0,"42":0,"43":0,"44":0,"45":0,"46":0,"47":0,"48":0,"49":0,"50":0,"51":0,"52":0,"53":0,"54":0},"f":{"0":0,"1":0,"2":0,"3":0,"4":0,"5":0},"b":{}}
,"C:\\Users\\Diana\\Documents\\WebComponent\\dinamita-reloaded-components\\src\\components\\modal\\modal.jsx": {"path":"C:\\Users\\Diana\\Documents\\WebComponent\\dinamita-reloaded-components\\src\\components\\modal\\modal.jsx","statementMap":{"0":{"start":{"line":10,"column":14},"end":{"line":31,"column":1}},"1":{"start":{"line":12,"column":36},"end":{"line":12,"column":62}},"2":{"start":{"line":12,"column":43},"end":{"line":12,"column":62}},"3":{"start":{"line":13,"column":17},"end":{"line":13,"column":65}},"4":{"start":{"line":14,"column":15},"end":{"line":14,"column":75}},"5":{"start":{"line":16,"column":2},"end":{"line":30,"column":4}},"6":{"start":{"line":35,"column":0},"end":{"line":41,"column":2}},"7":{"start":{"line":43,"column":0},"end":{"line":49,"column":2}}},"fnMap":{"0":{"name":"(anonymous_0)","decl":{"start":{"line":10,"column":14},"end":{"line":10,"column":15}},"loc":{"start":{"line":10,"column":115},"end":{"line":31,"column":1}},"line":10},"1":{"name":"(anonymous_1)","decl":{"start":{"line":12,"column":36},"end":{"line":12,"column":37}},"loc":{"start":{"line":12,"column":43},"end":{"line":12,"column":62}},"line":12}},"branchMap":{"0":{"loc":{"start":{"line":13,"column":17},"end":{"line":13,"column":65}},"type":"binary-expr","locations":[{"start":{"line":13,"column":17},"end":{"line":13,"column":29}},{"start":{"line":13,"column":33},"end":{"line":13,"column":65}}],"line":13},"1":{"loc":{"start":{"line":14,"column":15},"end":{"line":14,"column":75}},"type":"cond-expr","locations":[{"start":{"line":14,"column":25},"end":{"line":14,"column":49}},{"start":{"line":14,"column":52},"end":{"line":14,"column":75}}],"line":14},"2":{"loc":{"start":{"line":18,"column":50},"end":{"line":18,"column":69}},"type":"binary-expr","locations":[{"start":{"line":18,"column":50},"end":{"line":18,"column":56}},{"start":{"line":18,"column":60},"end":{"line":18,"column":69}}],"line":18},"3":{"loc":{"start":{"line":20,"column":96},"end":{"line":20,"column":134}},"type":"binary-expr","locations":[{"start":{"line":20,"column":96},"end":{"line":20,"column":111}},{"start":{"line":20,"column":115},"end":{"line":20,"column":134}}],"line":20},"4":{"loc":{"start":{"line":21,"column":23},"end":{"line":21,"column":43}},"type":"binary-expr","locations":[{"start":{"line":21,"column":23},"end":{"line":21,"column":28}},{"start":{"line":21,"column":32},"end":{"line":21,"column":37}},{"start":{"line":21,"column":41},"end":{"line":21,"column":43}}],"line":21}},"s":{"0":1,"1":4,"2":0,"3":4,"4":4,"5":4,"6":1,"7":1},"f":{"0":4,"1":0},"b":{"0":[4,1],"1":[4,0],"2":[4,2],"3":[4,0],"4":[4,4,0]},"_coverageSchema":"1a1c01bbd47fc00a2c39e90264f33305004495a9","hash":"1defbd81e2666f14eb7e582a55b947f21d446109"}
,"C:\\Users\\Diana\\Documents\\WebComponent\\dinamita-reloaded-components\\src\\components\\modal\\modals.jsx": {"path":"C:\\Users\\Diana\\Documents\\WebComponent\\dinamita-reloaded-components\\src\\components\\modal\\modals.jsx","statementMap":{"0":{"start":{"line":5,"column":15},"end":{"line":41,"column":1}},"1":{"start":{"line":6,"column":47},"end":{"line":6,"column":62}},"2":{"start":{"line":8,"column":2},"end":{"line":40,"column":4}}},"fnMap":{"0":{"name":"(anonymous_0)","decl":{"start":{"line":5,"column":15},"end":{"line":5,"column":16}},"loc":{"start":{"line":5,"column":21},"end":{"line":41,"column":1}},"line":5}},"branchMap":{},"s":{"0":1,"1":0,"2":0},"f":{"0":0},"b":{},"_coverageSchema":"1a1c01bbd47fc00a2c39e90264f33305004495a9","hash":"ff29649d428c8122b6681f0cae91a7e4fa1e5090"}
,"C:\\Users\\Diana\\Documents\\WebComponent\\dinamita-reloaded-components\\src\\components\\modal\\useModal.jsx": {"path":"C:\\Users\\Diana\\Documents\\WebComponent\\dinamita-reloaded-components\\src\\components\\modal\\useModal.jsx","statementMap":{"0":{"start":{"line":4,"column":24},"end":{"line":12,"column":1}},"1":{"start":{"line":5,"column":30},"end":{"line":5,"column":52}},"2":{"start":{"line":7,"column":20},"end":{"line":7,"column":41}},"3":{"start":{"line":7,"column":26},"end":{"line":7,"column":41}},"4":{"start":{"line":8,"column":21},"end":{"line":8,"column":43}},"5":{"start":{"line":8,"column":27},"end":{"line":8,"column":43}},"6":{"start":{"line":11,"column":2},"end":{"line":11,"column":41}}},"fnMap":{"0":{"name":"(anonymous_0)","decl":{"start":{"line":4,"column":24},"end":{"line":4,"column":25}},"loc":{"start":{"line":4,"column":42},"end":{"line":12,"column":1}},"line":4},"1":{"name":"(anonymous_1)","decl":{"start":{"line":7,"column":20},"end":{"line":7,"column":21}},"loc":{"start":{"line":7,"column":26},"end":{"line":7,"column":41}},"line":7},"2":{"name":"(anonymous_2)","decl":{"start":{"line":8,"column":21},"end":{"line":8,"column":22}},"loc":{"start":{"line":8,"column":27},"end":{"line":8,"column":43}},"line":8}},"branchMap":{},"s":{"0":1,"1":0,"2":0,"3":0,"4":0,"5":0,"6":0},"f":{"0":0,"1":0,"2":0},"b":{},"_coverageSchema":"1a1c01bbd47fc00a2c39e90264f33305004495a9","hash":"ffa7b6e80a412fb501f3318c1958e58d5e46f772"}
,"C:\\Users\\Diana\\Documents\\WebComponent\\dinamita-reloaded-components\\src\\components\\modal\\stories\\modal.stories.jsx": {"path":"C:\\Users\\Diana\\Documents\\WebComponent\\dinamita-reloaded-components\\src\\components\\modal\\stories\\modal.stories.jsx","statementMap":{"0":{"start":{"line":15,"column":17},"end":{"line":23,"column":1}},"1":{"start":{"line":16,"column":47},"end":{"line":16,"column":62}},"2":{"start":{"line":17,"column":2},"end":{"line":22,"column":4}},"3":{"start":{"line":25,"column":28},"end":{"line":25,"column":45}},"4":{"start":{"line":26,"column":0},"end":{"line":28,"column":2}},"5":{"start":{"line":30,"column":27},"end":{"line":30,"column":44}},"6":{"start":{"line":31,"column":0},"end":{"line":33,"column":2}},"7":{"start":{"line":35,"column":21},"end":{"line":35,"column":38}},"8":{"start":{"line":36,"column":0},"end":{"line":38,"column":2}},"9":{"start":{"line":40,"column":22},"end":{"line":40,"column":39}},"10":{"start":{"line":41,"column":0},"end":{"line":43,"column":2}},"11":{"start":{"line":45,"column":21},"end":{"line":45,"column":38}},"12":{"start":{"line":46,"column":0},"end":{"line":48,"column":2}}},"fnMap":{"0":{"name":"(anonymous_0)","decl":{"start":{"line":15,"column":17},"end":{"line":15,"column":18}},"loc":{"start":{"line":15,"column":27},"end":{"line":23,"column":1}},"line":15}},"branchMap":{},"s":{"0":0,"1":0,"2":0,"3":0,"4":0,"5":0,"6":0,"7":0,"8":0,"9":0,"10":0,"11":0,"12":0},"f":{"0":0},"b":{}}
}
