{"C:\\Users\\CAPI\\Desktop\\dinamita-reloaded-components\\src\\components\\Calendar\\Calendar.jsx": {"path":"C:\\Users\\CAPI\\Desktop\\dinamita-reloaded-components\\src\\components\\Calendar\\Calendar.jsx","statementMap":{"0":{"start":{"line":8,"column":17},"end":{"line":40,"column":1}},"1":{"start":{"line":10,"column":134},"end":{"line":10,"column":147}},"2":{"start":{"line":12,"column":4},"end":{"line":39,"column":6}},"3":{"start":{"line":42,"column":0},"end":{"line":49,"column":2}},"4":{"start":{"line":51,"column":0},"end":{"line":58,"column":4}}},"fnMap":{"0":{"name":"(anonymous_0)","decl":{"start":{"line":8,"column":17},"end":{"line":8,"column":18}},"loc":{"start":{"line":8,"column":75},"end":{"line":40,"column":1}},"line":8}},"branchMap":{"0":{"loc":{"start":{"line":13,"column":36},"end":{"line":13,"column":64}},"type":"binary-expr","locations":[{"start":{"line":13,"column":36},"end":{"line":13,"column":42}},{"start":{"line":13,"column":46},"end":{"line":13,"column":64}}],"line":13},"1":{"loc":{"start":{"line":13,"column":68},"end":{"line":13,"column":92}},"type":"binary-expr","locations":[{"start":{"line":13,"column":68},"end":{"line":13,"column":72}},{"start":{"line":13,"column":76},"end":{"line":13,"column":92}}],"line":13},"2":{"loc":{"start":{"line":13,"column":126},"end":{"line":13,"column":164}},"type":"binary-expr","locations":[{"start":{"line":13,"column":126},"end":{"line":13,"column":141}},{"start":{"line":13,"column":145},"end":{"line":13,"column":164}}],"line":13},"3":{"loc":{"start":{"line":20,"column":139},"end":{"line":20,"column":158}},"type":"cond-expr","locations":[{"start":{"line":20,"column":146},"end":{"line":20,"column":151}},{"start":{"line":20,"column":154},"end":{"line":20,"column":158}}],"line":20},"4":{"loc":{"start":{"line":21,"column":135},"end":{"line":21,"column":154}},"type":"cond-expr","locations":[{"start":{"line":21,"column":142},"end":{"line":21,"column":147}},{"start":{"line":21,"column":150},"end":{"line":21,"column":154}}],"line":21},"5":{"loc":{"start":{"line":35,"column":83},"end":{"line":35,"column":102}},"type":"cond-expr","locations":[{"start":{"line":35,"column":90},"end":{"line":35,"column":95}},{"start":{"line":35,"column":98},"end":{"line":35,"column":102}}],"line":35},"6":{"loc":{"start":{"line":36,"column":94},"end":{"line":36,"column":329}},"type":"cond-expr","locations":[{"start":{"line":36,"column":313},"end":{"line":36,"column":324}},{"start":{"line":36,"column":327},"end":{"line":36,"column":329}}],"line":36},"7":{"loc":{"start":{"line":36,"column":94},"end":{"line":36,"column":310}},"type":"binary-expr","locations":[{"start":{"line":36,"column":94},"end":{"line":36,"column":115}},{"start":{"line":36,"column":120},"end":{"line":36,"column":177}},{"start":{"line":36,"column":181},"end":{"line":36,"column":240}},{"start":{"line":36,"column":244},"end":{"line":36,"column":309}}],"line":36}},"s":{"0":1,"1":59,"2":59,"3":1,"4":1},"f":{"0":59},"b":{"0":[59,59],"1":[59,0],"2":[59,0],"3":[0,59],"4":[0,59],"5":[0,59],"6":[4,55],"7":[59,5,1,1]},"_coverageSchema":"1a1c01bbd47fc00a2c39e90264f33305004495a9","hash":"e0abac96d7393b4879108c782167458d2ded2061"}
,"C:\\Users\\CAPI\\Desktop\\dinamita-reloaded-components\\src\\hooks\\useCalendar.jsx": {"path":"C:\\Users\\CAPI\\Desktop\\dinamita-reloaded-components\\src\\hooks\\useCalendar.jsx","statementMap":{"0":{"start":{"line":3,"column":27},"end":{"line":168,"column":1}},"1":{"start":{"line":5,"column":19},"end":{"line":5,"column":141}},"2":{"start":{"line":7,"column":24},"end":{"line":7,"column":34}},"3":{"start":{"line":8,"column":42},"end":{"line":8,"column":74}},"4":{"start":{"line":9,"column":38},"end":{"line":9,"column":50}},"5":{"start":{"line":10,"column":54},"end":{"line":10,"column":66}},"6":{"start":{"line":11,"column":17},"end":{"line":11,"column":19}},"7":{"start":{"line":12,"column":25},"end":{"line":12,"column":27}},"8":{"start":{"line":14,"column":36},"end":{"line":19,"column":6}},"9":{"start":{"line":21,"column":4},"end":{"line":23,"column":22}},"10":{"start":{"line":22,"column":8},"end":{"line":22,"column":34}},"11":{"start":{"line":25,"column":19},"end":{"line":25,"column":116}},"12":{"start":{"line":25,"column":26},"end":{"line":25,"column":115}},"13":{"start":{"line":27,"column":21},"end":{"line":30,"column":5}},"14":{"start":{"line":28,"column":20},"end":{"line":28,"column":59}},"15":{"start":{"line":29,"column":8},"end":{"line":29,"column":30}},"16":{"start":{"line":32,"column":22},"end":{"line":40,"column":5}},"17":{"start":{"line":33,"column":8},"end":{"line":37,"column":9}},"18":{"start":{"line":33,"column":20},"end":{"line":33,"column":21}},"19":{"start":{"line":34,"column":12},"end":{"line":34,"column":25}},"20":{"start":{"line":36,"column":12},"end":{"line":36,"column":31}},"21":{"start":{"line":42,"column":25},"end":{"line":98,"column":5}},"22":{"start":{"line":44,"column":24},"end":{"line":44,"column":32}},"23":{"start":{"line":46,"column":8},"end":{"line":91,"column":9}},"24":{"start":{"line":48,"column":21},"end":{"line":48,"column":32}},"25":{"start":{"line":49,"column":12},"end":{"line":49,"column":18}},"26":{"start":{"line":51,"column":20},"end":{"line":51,"column":34}},"27":{"start":{"line":52,"column":12},"end":{"line":52,"column":18}},"28":{"start":{"line":54,"column":20},"end":{"line":54,"column":34}},"29":{"start":{"line":55,"column":12},"end":{"line":55,"column":18}},"30":{"start":{"line":57,"column":20},"end":{"line":57,"column":34}},"31":{"start":{"line":58,"column":12},"end":{"line":58,"column":18}},"32":{"start":{"line":60,"column":20},"end":{"line":60,"column":34}},"33":{"start":{"line":61,"column":12},"end":{"line":61,"column":18}},"34":{"start":{"line":63,"column":20},"end":{"line":63,"column":34}},"35":{"start":{"line":64,"column":12},"end":{"line":64,"column":18}},"36":{"start":{"line":66,"column":20},"end":{"line":66,"column":34}},"37":{"start":{"line":67,"column":12},"end":{"line":67,"column":18}},"38":{"start":{"line":69,"column":21},"end":{"line":69,"column":35}},"39":{"start":{"line":70,"column":12},"end":{"line":70,"column":18}},"40":{"start":{"line":72,"column":20},"end":{"line":72,"column":34}},"41":{"start":{"line":73,"column":12},"end":{"line":73,"column":18}},"42":{"start":{"line":75,"column":20},"end":{"line":75,"column":34}},"43":{"start":{"line":76,"column":12},"end":{"line":76,"column":18}},"44":{"start":{"line":78,"column":20},"end":{"line":78,"column":34}},"45":{"start":{"line":79,"column":12},"end":{"line":79,"column":18}},"46":{"start":{"line":81,"column":21},"end":{"line":81,"column":35}},"47":{"start":{"line":82,"column":12},"end":{"line":82,"column":18}},"48":{"start":{"line":84,"column":37},"end":{"line":84,"column":51}},"49":{"start":{"line":85,"column":12},"end":{"line":85,"column":18}},"50":{"start":{"line":87,"column":38},"end":{"line":87,"column":52}},"51":{"start":{"line":88,"column":12},"end":{"line":88,"column":18}},"52":{"start":{"line":90,"column":21},"end":{"line":90,"column":28}},"53":{"start":{"line":93,"column":8},"end":{"line":97,"column":9}},"54":{"start":{"line":93,"column":20},"end":{"line":93,"column":30}},"55":{"start":{"line":94,"column":12},"end":{"line":94,"column":33}},"56":{"start":{"line":96,"column":12},"end":{"line":96,"column":47}},"57":{"start":{"line":100,"column":23},"end":{"line":108,"column":5}},"58":{"start":{"line":102,"column":22},"end":{"line":102,"column":90}},"59":{"start":{"line":104,"column":8},"end":{"line":107,"column":11}},"60":{"start":{"line":110,"column":22},"end":{"line":118,"column":5}},"61":{"start":{"line":111,"column":8},"end":{"line":111,"column":47}},"62":{"start":{"line":112,"column":8},"end":{"line":117,"column":10}},"63":{"start":{"line":120,"column":22},"end":{"line":135,"column":5}},"64":{"start":{"line":121,"column":8},"end":{"line":134,"column":9}},"65":{"start":{"line":123,"column":12},"end":{"line":123,"column":44}},"66":{"start":{"line":127,"column":12},"end":{"line":127,"column":31}},"67":{"start":{"line":129,"column":12},"end":{"line":132,"column":15}},"68":{"start":{"line":137,"column":22},"end":{"line":152,"column":5}},"69":{"start":{"line":138,"column":8},"end":{"line":151,"column":9}},"70":{"start":{"line":140,"column":12},"end":{"line":140,"column":44}},"71":{"start":{"line":144,"column":12},"end":{"line":144,"column":30}},"72":{"start":{"line":146,"column":12},"end":{"line":149,"column":15}},"73":{"start":{"line":156,"column":4},"end":{"line":167,"column":5}}},"fnMap":{"0":{"name":"(anonymous_0)","decl":{"start":{"line":3,"column":27},"end":{"line":3,"column":28}},"loc":{"start":{"line":3,"column":33},"end":{"line":168,"column":1}},"line":3},"1":{"name":"(anonymous_1)","decl":{"start":{"line":21,"column":14},"end":{"line":21,"column":15}},"loc":{"start":{"line":21,"column":20},"end":{"line":23,"column":5}},"line":21},"2":{"name":"(anonymous_2)","decl":{"start":{"line":25,"column":19},"end":{"line":25,"column":20}},"loc":{"start":{"line":25,"column":26},"end":{"line":25,"column":115}},"line":25},"3":{"name":"(anonymous_3)","decl":{"start":{"line":27,"column":21},"end":{"line":27,"column":22}},"loc":{"start":{"line":27,"column":27},"end":{"line":30,"column":5}},"line":27},"4":{"name":"(anonymous_4)","decl":{"start":{"line":32,"column":22},"end":{"line":32,"column":23}},"loc":{"start":{"line":32,"column":34},"end":{"line":40,"column":5}},"line":32},"5":{"name":"(anonymous_5)","decl":{"start":{"line":42,"column":25},"end":{"line":42,"column":26}},"loc":{"start":{"line":42,"column":36},"end":{"line":98,"column":5}},"line":42},"6":{"name":"(anonymous_6)","decl":{"start":{"line":100,"column":23},"end":{"line":100,"column":24}},"loc":{"start":{"line":100,"column":30},"end":{"line":108,"column":5}},"line":100},"7":{"name":"(anonymous_7)","decl":{"start":{"line":110,"column":22},"end":{"line":110,"column":23}},"loc":{"start":{"line":110,"column":28},"end":{"line":118,"column":5}},"line":110},"8":{"name":"(anonymous_8)","decl":{"start":{"line":120,"column":22},"end":{"line":120,"column":23}},"loc":{"start":{"line":120,"column":28},"end":{"line":135,"column":5}},"line":120},"9":{"name":"(anonymous_9)","decl":{"start":{"line":137,"column":22},"end":{"line":137,"column":23}},"loc":{"start":{"line":137,"column":28},"end":{"line":152,"column":5}},"line":137}},"branchMap":{"0":{"loc":{"start":{"line":25,"column":26},"end":{"line":25,"column":115}},"type":"binary-expr","locations":[{"start":{"line":25,"column":28},"end":{"line":25,"column":53}},{"start":{"line":25,"column":59},"end":{"line":25,"column":82}},{"start":{"line":25,"column":89},"end":{"line":25,"column":114}}],"line":25},"1":{"loc":{"start":{"line":46,"column":8},"end":{"line":91,"column":9}},"type":"switch","locations":[{"start":{"line":48,"column":12},"end":{"line":49,"column":18}},{"start":{"line":51,"column":12},"end":{"line":52,"column":18}},{"start":{"line":54,"column":12},"end":{"line":55,"column":18}},{"start":{"line":57,"column":12},"end":{"line":58,"column":18}},{"start":{"line":60,"column":12},"end":{"line":61,"column":18}},{"start":{"line":63,"column":12},"end":{"line":64,"column":18}},{"start":{"line":66,"column":12},"end":{"line":67,"column":18}},{"start":{"line":69,"column":12},"end":{"line":70,"column":18}},{"start":{"line":72,"column":12},"end":{"line":73,"column":18}},{"start":{"line":75,"column":12},"end":{"line":76,"column":18}},{"start":{"line":78,"column":12},"end":{"line":79,"column":18}},{"start":{"line":81,"column":12},"end":{"line":82,"column":18}},{"start":{"line":84,"column":12},"end":{"line":85,"column":18}},{"start":{"line":87,"column":12},"end":{"line":88,"column":18}},{"start":{"line":90,"column":12},"end":{"line":90,"column":28}}],"line":46},"2":{"loc":{"start":{"line":121,"column":8},"end":{"line":134,"column":9}},"type":"if","locations":[{"start":{"line":121,"column":8},"end":{"line":134,"column":9}},{"start":{"line":125,"column":15},"end":{"line":134,"column":9}}],"line":121},"3":{"loc":{"start":{"line":138,"column":8},"end":{"line":151,"column":9}},"type":"if","locations":[{"start":{"line":138,"column":8},"end":{"line":151,"column":9}},{"start":{"line":142,"column":15},"end":{"line":151,"column":9}}],"line":138}},"s":{"0":1,"1":59,"2":59,"3":59,"4":59,"5":59,"6":59,"7":59,"8":59,"9":59,"10":27,"11":59,"12":27,"13":59,"14":26,"15":26,"16":59,"17":26,"18":26,"19":791,"20":791,"21":59,"22":27,"23":27,"24":0,"25":0,"26":2,"27":2,"28":2,"29":2,"30":2,"31":2,"32":1,"33":1,"34":1,"35":1,"36":1,"37":1,"38":2,"39":2,"40":12,"41":12,"42":1,"43":1,"44":1,"45":1,"46":1,"47":1,"48":0,"49":0,"50":0,"51":0,"52":1,"53":26,"54":26,"55":119,"56":119,"57":59,"58":5,"59":5,"60":59,"61":1,"62":1,"63":59,"64":5,"65":4,"66":1,"67":1,"68":59,"69":10,"70":9,"71":1,"72":1,"73":59},"f":{"0":59,"1":27,"2":27,"3":26,"4":26,"5":27,"6":5,"7":1,"8":5,"9":10},"b":{"0":[27,27,27],"1":[0,2,2,2,1,1,1,2,12,1,1,1,0,0,1],"2":[4,1],"3":[9,1]},"_coverageSchema":"1a1c01bbd47fc00a2c39e90264f33305004495a9","hash":"e3afae83a36886b502c95446f04fe70a05048d9e"}
}
