TN:
SF:src\components\Integration.jsx
FN:12,(anonymous_0)
FN:23,(anonymous_1)
FNF:2
FNH:2
FNDA:22,(anonymous_0)
FNDA:176,(anonymous_1)
DA:12,1
DA:14,22
DA:20,22
DA:22,22
DA:23,176
DA:25,22
DA:32,22
DA:55,22
DA:57,22
LF:9
LH:9
BRF:0
BRH:0
end_of_record
TN:
SF:src\components\SaveButton.jsx
FN:4,(anonymous_0)
FNF:1
FNH:1
FNDA:108,(anonymous_0)
DA:4,5
DA:5,108
DA:6,108
DA:7,108
DA:9,108
DA:21,5
DA:33,5
LF:7
LH:7
BRDA:5,0,0,1
BRDA:5,0,1,107
BRDA:6,1,0,108
BRDA:6,1,1,1
BRDA:7,2,0,108
BRDA:7,2,1,76
BRDA:11,3,0,108
BRDA:11,3,1,1
BRDA:12,4,0,108
BRDA:12,4,1,33
BRF:10
BRH:10
end_of_record
TN:
SF:src\components\Calendar\Calendar.jsx
FN:7,(anonymous_0)
FNF:1
FNH:1
FNDA:141,(anonymous_0)
DA:7,2
DA:9,141
DA:11,141
DA:41,2
DA:50,2
LF:5
LH:5
BRDA:12,0,0,141
BRDA:12,0,1,141
BRDA:12,1,0,141
BRDA:12,1,1,64
BRDA:12,2,0,141
BRDA:12,2,1,64
BRDA:35,3,0,8
BRDA:35,3,1,133
BRDA:35,4,0,141
BRDA:35,4,1,10
BRDA:35,4,2,2
BRDA:35,4,3,2
BRF:12
BRH:12
end_of_record
TN:
SF:src\components\Form\Checkbox\Checkbox.jsx
FN:4,(anonymous_0)
FNF:1
FNH:1
FNDA:15,(anonymous_0)
DA:4,1
DA:5,15
DA:42,1
DA:52,1
LF:4
LH:4
BRDA:9,0,0,15
BRDA:9,0,1,10
BRDA:9,0,2,5
BRDA:10,1,0,5
BRDA:10,1,1,5
BRDA:11,2,0,5
BRDA:11,2,1,5
BRDA:13,3,0,5
BRDA:13,3,1,5
BRDA:18,4,0,15
BRDA:18,4,1,10
BRDA:18,4,2,5
BRDA:19,5,0,5
BRDA:19,5,1,5
BRDA:19,6,0,5
BRDA:19,6,1,5
BRDA:20,7,0,5
BRDA:20,7,1,5
BRDA:21,8,0,5
BRDA:21,8,1,5
BRDA:27,9,0,15
BRDA:27,9,1,10
BRDA:27,9,2,5
BRDA:28,10,0,5
BRDA:28,10,1,5
BRDA:28,11,0,5
BRDA:28,11,1,5
BRDA:29,12,0,5
BRDA:29,12,1,5
BRDA:30,13,0,5
BRDA:30,13,1,5
BRF:31
BRH:31
end_of_record
TN:
SF:src\components\Form\Form\Form.jsx
FN:4,(anonymous_0)
FNF:1
FNH:1
FNDA:21,(anonymous_0)
DA:4,2
DA:6,21
DA:41,2
DA:62,2
LF:4
LH:4
BRDA:9,0,0,21
BRDA:9,0,1,14
BRDA:10,1,0,14
BRDA:10,1,1,1
BRDA:10,2,0,14
BRDA:10,2,1,14
BRDA:10,3,0,14
BRDA:10,3,1,1
BRDA:10,4,0,14
BRDA:10,4,1,1
BRDA:11,5,0,14
BRDA:11,5,1,9
BRDA:12,6,0,14
BRDA:12,6,1,1
BRDA:17,7,0,1
BRDA:17,7,1,13
BRDA:17,8,0,13
BRDA:17,8,1,1
BRDA:17,9,0,1
BRDA:17,9,1,12
BRDA:19,10,0,14
BRDA:19,10,1,1
BRDA:19,11,0,1
BRDA:19,11,1,1
BRDA:19,11,2,1
BRDA:24,12,0,21
BRDA:24,12,1,7
BRDA:25,13,0,7
BRDA:25,13,1,1
BRDA:25,14,0,7
BRDA:25,14,1,7
BRDA:25,15,0,7
BRDA:25,15,1,1
BRDA:25,16,0,7
BRDA:25,16,1,7
BRDA:25,17,0,7
BRDA:25,17,1,1
BRDA:29,18,0,1
BRDA:29,18,1,6
BRDA:29,19,0,6
BRDA:29,19,1,1
BRDA:29,20,0,1
BRDA:29,20,1,5
BRDA:30,21,0,7
BRDA:30,21,1,1
BRDA:30,22,0,1
BRDA:30,22,1,1
BRDA:30,22,2,1
BRF:48
BRH:48
end_of_record
TN:
SF:src\components\Form\Input\Input.jsx
FN:4,(anonymous_0)
FN:8,(anonymous_1)
FNF:2
FNH:2
FNDA:73,(anonymous_0)
FNDA:8,(anonymous_1)
DA:4,2
DA:8,73
DA:11,8
DA:12,7
DA:16,1
DA:20,8
DA:23,73
DA:71,2
DA:85,2
LF:9
LH:9
BRDA:11,0,0,7
BRDA:11,0,1,1
BRDA:20,1,0,1
BRDA:20,1,1,7
BRDA:26,2,0,73
BRDA:26,2,1,64
BRDA:26,2,2,12
BRDA:27,3,0,12
BRDA:27,3,1,1
BRDA:27,4,0,12
BRDA:27,4,1,1
BRDA:29,5,0,12
BRDA:29,5,1,1
BRDA:29,6,0,12
BRDA:29,6,1,2
BRDA:29,7,0,12
BRDA:29,7,1,1
BRDA:32,8,0,12
BRDA:32,8,1,2
BRDA:33,9,0,2
BRDA:33,9,1,1
BRDA:33,10,0,2
BRDA:33,10,1,2
BRDA:33,10,2,2
BRDA:39,11,0,73
BRDA:39,11,1,9
BRDA:39,11,2,9
BRDA:40,12,0,9
BRDA:40,12,1,1
BRDA:40,13,0,9
BRDA:40,13,1,1
BRDA:42,14,0,9
BRDA:42,14,1,2
BRDA:42,15,0,9
BRDA:42,15,1,9
BRDA:45,16,0,9
BRDA:45,16,1,3
BRDA:46,17,0,3
BRDA:46,17,1,1
BRDA:46,18,0,3
BRDA:46,18,1,3
BRDA:46,18,2,3
BRDA:52,19,0,73
BRDA:52,19,1,52
BRDA:52,19,2,52
BRDA:53,20,0,52
BRDA:53,20,1,1
BRDA:53,21,0,52
BRDA:53,21,1,1
BRDA:53,22,0,52
BRDA:53,22,1,52
BRDA:56,23,0,52
BRDA:56,23,1,2
BRDA:56,24,0,52
BRDA:56,24,1,1
BRDA:59,25,0,52
BRDA:59,25,1,46
BRDA:60,26,0,46
BRDA:60,26,1,1
BRDA:60,27,0,46
BRDA:60,27,1,46
BRDA:60,27,2,1
BRF:62
BRH:62
end_of_record
TN:
SF:src\components\header\header.jsx
FN:6,(anonymous_0)
FNF:1
FNH:1
FNDA:32,(anonymous_0)
DA:6,3
DA:8,32
DA:10,32
DA:22,3
DA:30,3
LF:5
LH:5
BRDA:8,0,0,32
BRDA:8,0,1,32
BRDA:12,1,0,32
BRDA:12,1,1,32
BRF:4
BRH:4
end_of_record
TN:
SF:src\components\modal\modal.jsx
FN:8,(anonymous_0)
FN:10,(anonymous_1)
FNF:2
FNH:2
FNDA:30,(anonymous_0)
FNDA:34,(anonymous_1)
DA:8,2
DA:10,34
DA:11,30
DA:12,30
DA:14,30
DA:32,2
DA:41,2
LF:7
LH:7
BRDA:11,0,0,30
BRDA:11,0,1,1
BRDA:12,1,0,1
BRDA:12,1,1,29
BRDA:16,2,0,30
BRDA:16,2,1,3
BRDA:17,3,0,30
BRDA:17,3,1,1
BRF:8
BRH:8
end_of_record
TN:
SF:src\components\modal\useModal.jsx
FN:4,(anonymous_0)
FN:7,(anonymous_1)
FN:8,(anonymous_2)
FNF:3
FNH:3
FNDA:26,(anonymous_0)
FNDA:3,(anonymous_1)
FNDA:2,(anonymous_2)
DA:4,2
DA:5,26
DA:7,26
DA:8,26
DA:11,26
LF:5
LH:5
BRF:0
BRH:0
end_of_record
TN:
SF:src\components\textArea\textArea.jsx
FN:4,(anonymous_0)
FNF:1
FNH:1
FNDA:23,(anonymous_0)
DA:4,2
DA:5,23
DA:7,23
DA:19,2
DA:24,2
LF:5
LH:5
BRDA:5,0,0,23
BRDA:5,0,1,23
BRF:2
BRH:2
end_of_record
TN:
SF:src\hooks\useCalendar.jsx
FN:3,(anonymous_0)
FN:21,(anonymous_1)
FN:25,(anonymous_2)
FN:27,(anonymous_3)
FN:32,(anonymous_4)
FN:40,(anonymous_5)
FN:100,(anonymous_6)
FN:110,(anonymous_7)
FN:120,(anonymous_8)
FN:137,(anonymous_9)
FNF:10
FNH:10
FNDA:150,(anonymous_0)
FNDA:66,(anonymous_1)
FNDA:69,(anonymous_2)
FNDA:69,(anonymous_3)
FNDA:70,(anonymous_4)
FNDA:69,(anonymous_5)
FNDA:10,(anonymous_6)
FNDA:2,(anonymous_7)
FNDA:12,(anonymous_8)
FNDA:18,(anonymous_9)
DA:3,3
DA:5,150
DA:7,150
DA:8,150
DA:9,150
DA:10,150
DA:11,150
DA:12,150
DA:14,150
DA:21,150
DA:22,66
DA:25,150
DA:27,150
DA:28,69
DA:29,69
DA:32,150
DA:33,70
DA:34,2141
DA:36,2141
DA:40,150
DA:42,69
DA:44,69
DA:46,1
DA:47,1
DA:49,4
DA:50,4
DA:52,2
DA:53,2
DA:55,36
DA:56,36
DA:58,2
DA:59,2
DA:61,2
DA:62,2
DA:64,2
DA:65,2
DA:67,4
DA:68,4
DA:70,4
DA:71,4
DA:73,4
DA:74,4
DA:76,2
DA:77,2
DA:79,2
DA:82,6
DA:83,1
DA:85,5
DA:88,6
DA:93,69
DA:94,387
DA:96,387
DA:100,150
DA:102,10
DA:104,10
DA:110,150
DA:111,2
DA:112,2
DA:120,150
DA:121,12
DA:123,10
DA:127,2
DA:129,2
DA:137,150
DA:138,18
DA:140,16
DA:144,2
DA:146,2
DA:154,150
LF:69
LH:69
BRDA:25,0,0,69
BRDA:25,0,1,69
BRDA:25,0,2,68
BRDA:44,1,0,1
BRDA:44,1,1,4
BRDA:44,1,2,2
BRDA:44,1,3,36
BRDA:44,1,4,2
BRDA:44,1,5,2
BRDA:44,1,6,2
BRDA:44,1,7,4
BRDA:44,1,8,4
BRDA:44,1,9,4
BRDA:44,1,10,2
BRDA:44,1,11,2
BRDA:44,1,12,6
BRDA:82,2,0,1
BRDA:82,2,1,5
BRDA:121,3,0,10
BRDA:121,3,1,2
BRDA:138,4,0,16
BRDA:138,4,1,2
BRF:22
BRH:22
end_of_record
