TN:
SF:src\App.js
FN:7,App
FN:25,(anonymous_1)
FNF:2
FNH:0
FNDA:0,App
FNDA:0,(anonymous_1)
DA:9,0
DA:16,0
DA:23,0
DA:25,0
DA:26,0
DA:27,0
DA:32,0
DA:39,0
LF:8
LH:0
BRDA:26,0,0,0
BRDA:26,0,1,0
BRF:2
BRH:0
end_of_record
TN:
SF:src\components\Calendar\Calendar.jsx
FN:8,(anonymous_0)
FNF:1
FNH:1
FNDA:59,(anonymous_0)
DA:8,1
DA:10,59
DA:12,59
DA:42,1
DA:51,1
LF:5
LH:5
BRDA:13,0,0,59
BRDA:13,0,1,59
BRDA:13,1,0,59
BRDA:13,1,1,0
BRDA:13,2,0,59
BRDA:13,2,1,0
BRDA:20,3,0,0
BRDA:20,3,1,59
BRDA:21,4,0,0
BRDA:21,4,1,59
BRDA:35,5,0,0
BRDA:35,5,1,59
BRDA:36,6,0,4
BRDA:36,6,1,55
BRDA:36,7,0,59
BRDA:36,7,1,5
BRDA:36,7,2,1
BRDA:36,7,3,1
BRF:18
BRH:13
end_of_record
TN:
SF:src\components\Calendar\Calendar.stories.jsx
FN:11,(anonymous_0)
FNF:1
FNH:0
FNDA:0,(anonymous_0)
DA:11,0
DA:13,0
DA:15,0
DA:16,0
DA:20,0
DA:21,0
DA:25,0
DA:26,0
DA:30,0
DA:31,0
DA:35,0
DA:36,0
DA:41,0
DA:42,0
DA:47,0
DA:48,0
LF:16
LH:0
BRF:0
BRH:0
end_of_record
TN:
SF:src\components\Form\Checkbox\Checkbox.jsx
FN:4,(anonymous_0)
FNF:1
FNH:1
FNDA:12,(anonymous_0)
DA:4,1
DA:5,12
DA:38,1
DA:47,1
LF:4
LH:4
BRDA:8,0,0,12
BRDA:8,0,1,8
BRDA:8,0,2,4
BRDA:9,1,0,4
BRDA:9,1,1,0
BRDA:10,2,0,4
BRDA:10,2,1,4
BRDA:12,3,0,4
BRDA:12,3,1,4
BRDA:16,4,0,12
BRDA:16,4,1,8
BRDA:16,4,2,4
BRDA:17,5,0,4
BRDA:17,5,1,0
BRDA:17,6,0,4
BRDA:17,6,1,4
BRDA:18,7,0,4
BRDA:18,7,1,4
BRDA:19,8,0,4
BRDA:19,8,1,4
BRDA:24,9,0,12
BRDA:24,9,1,8
BRDA:24,9,2,4
BRDA:25,10,0,4
BRDA:25,10,1,0
BRDA:25,11,0,4
BRDA:25,11,1,4
BRDA:26,12,0,4
BRDA:26,12,1,4
BRDA:27,13,0,4
BRDA:27,13,1,4
BRF:31
BRH:28
end_of_record
TN:
SF:src\components\Form\Checkbox\Checkbox.stories.jsx
FN:8,(anonymous_0)
FNF:1
FNH:0
FNDA:0,(anonymous_0)
DA:8,0
DA:10,0
DA:11,0
DA:15,0
DA:16,0
DA:21,0
DA:22,0
DA:27,0
DA:28,0
LF:9
LH:0
BRF:0
BRH:0
end_of_record
TN:
SF:src\components\Form\Form\Form.jsx
FN:4,(anonymous_0)
FNF:1
FNH:1
FNDA:14,(anonymous_0)
DA:4,3
DA:6,14
DA:38,3
DA:58,3
LF:4
LH:4
BRDA:8,0,0,14
BRDA:8,0,1,14
BRDA:9,1,0,14
BRDA:9,1,1,0
BRDA:9,2,0,14
BRDA:9,2,1,14
BRDA:9,3,0,14
BRDA:9,3,1,0
BRDA:9,4,0,14
BRDA:9,4,1,0
BRDA:9,5,0,14
BRDA:9,5,1,0
BRDA:10,6,0,14
BRDA:10,6,1,2
BRDA:11,7,0,14
BRDA:11,7,1,0
BRDA:16,8,0,0
BRDA:16,8,1,14
BRDA:16,9,0,14
BRDA:16,9,1,0
BRDA:16,10,0,0
BRDA:16,10,1,14
BRDA:18,11,0,14
BRDA:18,11,1,0
BRDA:22,12,0,14
BRDA:22,12,1,0
BRDA:23,13,0,0
BRDA:23,13,1,0
BRDA:23,14,0,0
BRDA:23,14,1,0
BRDA:23,15,0,0
BRDA:23,15,1,0
BRDA:23,16,0,0
BRDA:23,16,1,0
BRDA:23,17,0,0
BRDA:23,17,1,0
BRDA:23,18,0,0
BRDA:23,18,1,0
BRDA:27,19,0,0
BRDA:27,19,1,0
BRDA:27,20,0,0
BRDA:27,20,1,0
BRDA:27,21,0,0
BRDA:27,21,1,0
BRDA:28,22,0,0
BRDA:28,22,1,0
BRF:46
BRH:16
end_of_record
TN:
SF:src\components\Form\Form\Form.stories.jsx
FN:14,(anonymous_0)
FN:24,(anonymous_1)
FN:35,(anonymous_2)
FN:46,(anonymous_3)
FN:57,(anonymous_4)
FN:68,(anonymous_5)
FN:79,(anonymous_6)
FN:90,(anonymous_7)
FN:101,(anonymous_8)
FN:112,(anonymous_9)
FN:123,(anonymous_10)
FN:134,(anonymous_11)
FN:145,(anonymous_12)
FN:156,(anonymous_13)
FN:167,(anonymous_14)
FN:177,(anonymous_15)
FN:187,(anonymous_16)
FN:197,(anonymous_17)
FN:207,(anonymous_18)
FN:217,(anonymous_19)
FN:227,(anonymous_20)
FNF:21
FNH:0
FNDA:0,(anonymous_0)
FNDA:0,(anonymous_1)
FNDA:0,(anonymous_2)
FNDA:0,(anonymous_3)
FNDA:0,(anonymous_4)
FNDA:0,(anonymous_5)
FNDA:0,(anonymous_6)
FNDA:0,(anonymous_7)
FNDA:0,(anonymous_8)
FNDA:0,(anonymous_9)
FNDA:0,(anonymous_10)
FNDA:0,(anonymous_11)
FNDA:0,(anonymous_12)
FNDA:0,(anonymous_13)
FNDA:0,(anonymous_14)
FNDA:0,(anonymous_15)
FNDA:0,(anonymous_16)
FNDA:0,(anonymous_17)
FNDA:0,(anonymous_18)
FNDA:0,(anonymous_19)
FNDA:0,(anonymous_20)
DA:14,0
DA:15,0
DA:24,0
DA:25,0
DA:35,0
DA:36,0
DA:46,0
DA:47,0
DA:57,0
DA:58,0
DA:68,0
DA:69,0
DA:79,0
DA:80,0
DA:90,0
DA:91,0
DA:101,0
DA:102,0
DA:112,0
DA:113,0
DA:123,0
DA:124,0
DA:134,0
DA:135,0
DA:145,0
DA:146,0
DA:156,0
DA:157,0
DA:167,0
DA:168,0
DA:177,0
DA:178,0
DA:187,0
DA:188,0
DA:197,0
DA:198,0
DA:207,0
DA:208,0
DA:217,0
DA:218,0
DA:227,0
DA:228,0
LF:42
LH:0
BRF:0
BRH:0
end_of_record
TN:
SF:src\components\Form\Input\Input.jsx
FN:4,(anonymous_0)
FN:6,(anonymous_1)
FNF:2
FNH:2
FNDA:25,(anonymous_0)
FNDA:4,(anonymous_1)
DA:4,1
DA:6,25
DA:8,4
DA:9,4
DA:12,0
DA:15,4
DA:18,25
DA:62,1
DA:75,1
LF:9
LH:8
BRDA:8,0,0,4
BRDA:8,0,1,0
BRDA:15,1,0,0
BRDA:15,1,1,4
BRDA:20,2,0,25
BRDA:20,2,1,17
BRDA:20,2,2,9
BRDA:21,3,0,9
BRDA:21,3,1,0
BRDA:21,4,0,9
BRDA:21,4,1,0
BRDA:23,5,0,9
BRDA:23,5,1,0
BRDA:23,6,0,9
BRDA:23,6,1,0
BRDA:23,7,0,9
BRDA:23,7,1,0
BRDA:26,8,0,9
BRDA:26,8,1,1
BRDA:27,9,0,1
BRDA:27,9,1,0
BRDA:27,10,0,1
BRDA:27,10,1,1
BRDA:27,10,2,1
BRDA:32,11,0,25
BRDA:32,11,1,8
BRDA:32,11,2,8
BRDA:33,12,0,8
BRDA:33,12,1,0
BRDA:33,13,0,8
BRDA:33,13,1,0
BRDA:35,14,0,8
BRDA:35,14,1,0
BRDA:35,15,0,8
BRDA:35,15,1,8
BRDA:38,16,0,8
BRDA:38,16,1,0
BRDA:39,17,0,0
BRDA:39,17,1,0
BRDA:39,18,0,0
BRDA:39,18,1,0
BRDA:39,18,2,0
BRDA:44,19,0,25
BRDA:44,19,1,8
BRDA:44,19,2,8
BRDA:45,20,0,8
BRDA:45,20,1,0
BRDA:45,21,0,8
BRDA:45,21,1,0
BRDA:45,22,0,8
BRDA:45,22,1,8
BRDA:48,23,0,8
BRDA:48,23,1,0
BRDA:48,24,0,8
BRDA:48,24,1,0
BRDA:51,25,0,8
BRDA:51,25,1,0
BRDA:52,26,0,0
BRDA:52,26,1,0
BRDA:52,27,0,0
BRDA:52,27,1,0
BRDA:52,27,2,0
BRF:62
BRH:35
end_of_record
TN:
SF:src\components\Form\Input\Input.stories.jsx
FN:9,(anonymous_0)
FNF:1
FNH:0
FNDA:0,(anonymous_0)
DA:9,0
DA:11,0
DA:12,0
DA:16,0
DA:17,0
DA:22,0
DA:23,0
DA:28,0
DA:29,0
DA:34,0
DA:35,0
DA:40,0
DA:41,0
DA:46,0
DA:47,0
DA:52,0
DA:53,0
DA:58,0
DA:59,0
DA:64,0
DA:65,0
DA:70,0
DA:71,0
DA:76,0
DA:77,0
DA:82,0
DA:83,0
DA:88,0
DA:89,0
LF:29
LH:0
BRF:0
BRH:0
end_of_record
